<?xml version="1.0" encoding="UTF-8"?>
<!-- Generated by org.testng.reporters.JUnitXMLReporter -->
<testsuite hostname="Anands-MBP" name="Regression" tests="2" failures="0" timestamp="6 Jun 2021 15:38:56 GMT" time="0.021" errors="0">
  <testcase name="@BeforeClass setup" time="0.0" classname="com.framework.testcases.LoginToConn">
    <failure type="org.testng.TestNGException" message="
Parameter &amp;apos;getBrowserName&amp;apos; is required by @Configuration on method setup but has not been marked @Optional or defined
in /Users/anandmule/git/Framework/Framework/TestNG.xml">
      <![CDATA[org.testng.TestNGException: 
Parameter 'getBrowserName' is required by @Configuration on method setup but has not been marked @Optional or defined
in /Users/anandmule/git/Framework/Framework/TestNG.xml
... Removed 21 stack frames]]>
    </failure>
  </testcase> <!-- @BeforeClass setup -->
  <testcase name="@AfterMethod tearDownMethod" time="0.0" classname="com.framework.testcases.LoginToConn">
    <skipped/>
  </testcase> <!-- @AfterMethod tearDownMethod -->
  <testcase name="@AfterMethod tearDownMethod" time="0.0" classname="com.framework.testcases.LoginToConn">
    <skipped/>
  </testcase> <!-- @AfterMethod tearDownMethod -->
  <testcase name="@AfterClass tearDown" time="0.0" classname="com.framework.testcases.LoginToConn">
    <skipped/>
  </testcase> <!-- @AfterClass tearDown -->
  <testcase name="LoginToConn" time="0.0" classname="com.framework.testcases.LoginToConn">
    <skipped/>
  </testcase> <!-- LoginToConn -->
  <testcase name="LoginToConn2" time="0.001" classname="com.framework.testcases.LoginToConn">
    <skipped/>
  </testcase> <!-- LoginToConn2 -->
</testsuite> <!-- Regression -->
